#
# There is insufficient memory for the Java Runtime Environment to continue.
# Native memory allocation (mmap) failed to map 268435456 bytes for G1 virtual space
# Possible reasons:
#   The system is out of physical RAM or swap space
#   The process is running with CompressedOops enabled, and the Java Heap may be blocking the growth of the native heap
# Possible solutions:
#   Reduce memory load on the system
#   Increase physical memory or swap space
#   Check if swap backing store is full
#   Decrease Java heap size (-Xmx/-Xms)
#   Decrease number of Java threads
#   Decrease Java thread stack sizes (-Xss)
#   Set larger code cache with -XX:ReservedCodeCacheSize=
#   JVM is running with Zero Based Compressed Oops mode in which the Java heap is
#     placed in the first 32GB address space. The Java Heap base address is the
#     maximum limit for the native heap growth. Please use -XX:HeapBaseMinAddress
#     to set the Java Heap base and to place the Java Heap above 32GB virtual address.
# This output file may be truncated or incomplete.
#
#  Out of Memory Error (os_windows.cpp:3528), pid=21680, tid=36488
#
# JRE version:  (20.0.2+9) (build )
# Java VM: OpenJDK 64-Bit Server VM (20.0.2+9-78, mixed mode, sharing, tiered, compressed oops, compressed class ptrs, g1 gc, windows-amd64)
# Core dump will be written. Default location: D:\ProfieldAutomation\ProfieldAutomation\hs_err_pid21680.mdmp
#

---------------  S U M M A R Y ------------

Command Line: -ea -Didea.test.cyclic.buffer.size=1048576 -javaagent:C:\Program Files\JetBrains\IntelliJ IDEA Community Edition 2022.3.2\lib\idea_rt.jar=61453:C:\Program Files\JetBrains\IntelliJ IDEA Community Edition 2022.3.2\bin -Dfile.encoding=UTF-8 -Dsun.stdout.encoding=UTF-8 -Dsun.stderr.encoding=UTF-8 com.intellij.rt.testng.RemoteTestNGStarter -usedefaultlisteners false -socket61452 @w@C:\Users\qauser\AppData\Local\Temp\3\idea_working_dirs_testng1.tmp -temp C:\Users\qauser\AppData\Local\Temp\3\idea_testng1.tmp

Host: Intel(R) Xeon(R) Platinum 8370C CPU @ 2.80GHz, 4 cores, 15G,  Windows Server 2022 , 64 bit Build 20348 (10.0.20348.2031)
Time: Tue Oct 31 10:32:52 2023 Eastern Daylight Time elapsed time: 0.042740 seconds (0d 0h 0m 0s)

---------------  T H R E A D  ---------------

Current thread (0x000001c3058a2e20):  JavaThread "Unknown thread" [_thread_in_vm, id=36488, stack(0x000000402fb00000,0x000000402fc00000)]

Stack: [0x000000402fb00000,0x000000402fc00000]
Native frames: (J=compiled Java code, j=interpreted, Vv=VM code, C=native code)
V  [jvm.dll+0x6bc25a]
V  [jvm.dll+0x84971a]
V  [jvm.dll+0x84b315]
V  [jvm.dll+0x84ba13]
V  [jvm.dll+0x280e4f]
V  [jvm.dll+0x6b8fe9]
V  [jvm.dll+0x6adbca]
V  [jvm.dll+0x35b165]
V  [jvm.dll+0x363386]
V  [jvm.dll+0x3b400e]
V  [jvm.dll+0x3b4295]
V  [jvm.dll+0x32b86a]
V  [jvm.dll+0x32c68b]
V  [jvm.dll+0x8123df]
V  [jvm.dll+0x3c1261]
V  [jvm.dll+0x7fe103]
V  [jvm.dll+0x44ccaf]
V  [jvm.dll+0x44e621]
C  [jli.dll+0x5287]
C  [ucrtbase.dll+0x26b4c]
C  [KERNEL32.DLL+0x14de0]
C  [ntdll.dll+0x7ed9b]


---------------  P R O C E S S  ---------------

Threads class SMR info:
_java_thread_list=0x00007ffe92a2b118, length=0, elements={
}

Java Threads: ( => current thread )

Other Threads:
  0x000001c305913120 WorkerThread "GC Thread#0" [stack: 0x000000402fc00000,0x000000402fd00000] [id=18412]
  0x000001c3059241d0 ConcurrentGCThread "G1 Main Marker" [stack: 0x000000402fd00000,0x000000402fe00000] [id=41492]
  0x000001c3059253a0 WorkerThread "G1 Conc#0" [stack: 0x000000402fe00000,0x000000402ff00000] [id=34388]

[error occurred during error reporting (printing all threads), id 0xc0000005, EXCEPTION_ACCESS_VIOLATION (0xc0000005) at pc=0x00007ffe9220eea7]
VM state: not at safepoint (not fully initialized)

VM Mutex/Monitor currently owned by a thread:  ([mutex/lock_event])
[0x000001c30589f010] Heap_lock - owner thread: 0x000001c3058a2e20

Heap address: 0x0000000700000000, size: 4096 MB, Compressed Oops mode: Zero based, Oop shift amount: 3

CDS archive(s) mapped at: [0x0000000000000000-0x0000000000000000-0x0000000000000000), size 0, SharedBaseAddress: 0x0000000800000000, ArchiveRelocationMode: 1.
Narrow klass base: 0x0000000000000000, Narrow klass shift: 0, Narrow klass range: 0x0

GC Precious Log:
 CardTable entry size: 512
 Card Set container configuration: InlinePtr #cards 4 size 8 Array Of Cards #cards 16 size 48 Howl #buckets 8 coarsen threshold 3686 Howl Bitmap #cards 512 size 80 coarsen threshold 460 Card regions per heap region 1 cards per card region 4096

Heap:
 garbage-first heap   total 0K, used 0K [0x0000000700000000, 0x0000000800000000)
  region size 2048K, 0 young (0K), 0 survivors (0K)

[error occurred during error reporting (printing heap information), id 0xc0000005, EXCEPTION_ACCESS_VIOLATION (0xc0000005) at pc=0x00007ffe925e47b9]
GC Heap History (0 events):
No events

Dll operation events (1 events):
Event: 0.023 Loaded shared library C:\Users\qauser\.jdks\openjdk-20.0.2\bin\java.dll

Deoptimization events (0 events):
No events

Classes loaded (0 events):
No events

Classes unloaded (0 events):
No events

Classes redefined (0 events):
No events

Internal exceptions (0 events):
No events

VM Operations (0 events):
No events

Events (0 events):
No events


Dynamic libraries:
0x00007ff6511d0000 - 0x00007ff6511de000 	C:\Users\qauser\.jdks\openjdk-20.0.2\bin\java.exe
0x00007ffee0320000 - 0x00007ffee0521000 	C:\Windows\SYSTEM32\ntdll.dll
0x00007ffedf7d0000 - 0x00007ffedf88e000 	C:\Windows\System32\KERNEL32.DLL
0x00007ffeddd80000 - 0x00007ffede0ef000 	C:\Windows\System32\KERNELBASE.dll
0x00007ffeddaa0000 - 0x00007ffeddbb0000 	C:\Windows\System32\ucrtbase.dll
0x00007ffeae430000 - 0x00007ffeae447000 	C:\Users\qauser\.jdks\openjdk-20.0.2\bin\jli.dll
0x00007ffede6d0000 - 0x00007ffede876000 	C:\Windows\System32\USER32.dll
0x00007ffede230000 - 0x00007ffede256000 	C:\Windows\System32\win32u.dll
0x00007ffede910000 - 0x00007ffede93b000 	C:\Windows\System32\GDI32.dll
0x00007ffedd8e0000 - 0x00007ffedd9ff000 	C:\Windows\System32\gdi32full.dll
0x00007ffeacda0000 - 0x00007ffeacdbb000 	C:\Users\qauser\.jdks\openjdk-20.0.2\bin\VCRUNTIME140.dll
0x00007ffedda00000 - 0x00007ffeddaa0000 	C:\Windows\System32\msvcp_win.dll
0x00007ffecc6d0000 - 0x00007ffecc975000 	C:\Windows\WinSxS\amd64_microsoft.windows.common-controls_6595b64144ccf1df_6.0.20348.1_none_88d3d41d702dedea\COMCTL32.dll
0x00007ffedea80000 - 0x00007ffedeb23000 	C:\Windows\System32\msvcrt.dll
0x00007ffedfc50000 - 0x00007ffedfc81000 	C:\Windows\System32\IMM32.DLL
0x000001c304070000 - 0x000001c304084000 	C:\Windows\System32\umppc17312.dll
0x00007ffeae920000 - 0x00007ffeae92c000 	C:\Users\qauser\.jdks\openjdk-20.0.2\bin\vcruntime140_1.dll
0x00007ffe94580000 - 0x00007ffe9460e000 	C:\Users\qauser\.jdks\openjdk-20.0.2\bin\msvcp140.dll
0x00007ffe91ed0000 - 0x00007ffe92b68000 	C:\Users\qauser\.jdks\openjdk-20.0.2\bin\server\jvm.dll
0x00007ffede360000 - 0x00007ffede40e000 	C:\Windows\System32\ADVAPI32.dll
0x00007ffee0240000 - 0x00007ffee02df000 	C:\Windows\System32\sechost.dll
0x00007ffede940000 - 0x00007ffedea5f000 	C:\Windows\System32\RPCRT4.dll
0x00007ffec1110000 - 0x00007ffec1119000 	C:\Windows\SYSTEM32\WSOCK32.dll
0x00007ffedf8f0000 - 0x00007ffedf961000 	C:\Windows\System32\WS2_32.dll
0x00007ffed54b0000 - 0x00007ffed54d7000 	C:\Windows\SYSTEM32\WINMM.dll
0x00007ffed8230000 - 0x00007ffed823a000 	C:\Windows\SYSTEM32\VERSION.dll
0x00007ffedc250000 - 0x00007ffedc267000 	C:\Windows\SYSTEM32\kernel.appcore.dll
0x00007ffeae670000 - 0x00007ffeae67a000 	C:\Users\qauser\.jdks\openjdk-20.0.2\bin\jimage.dll
0x00007ffed98e0000 - 0x00007ffed9af2000 	C:\Windows\SYSTEM32\DBGHELP.DLL
0x00007ffed9890000 - 0x00007ffed98c0000 	C:\Windows\SYSTEM32\dbgcore.DLL
0x00007ffede1b0000 - 0x00007ffede22d000 	C:\Windows\System32\bcryptPrimitives.dll
0x00007ffecb9d0000 - 0x00007ffecb9de000 	C:\Users\qauser\.jdks\openjdk-20.0.2\bin\instrument.dll
0x00007ffea59d0000 - 0x00007ffea59f6000 	C:\Users\qauser\.jdks\openjdk-20.0.2\bin\java.dll

dbghelp: loaded successfully - version: 4.0.5 - missing functions: none
symbol engine: initialized successfully - sym options: 0x614 - pdb path: .;C:\Users\qauser\.jdks\openjdk-20.0.2\bin;C:\Windows\SYSTEM32;C:\Windows\WinSxS\amd64_microsoft.windows.common-controls_6595b64144ccf1df_6.0.20348.1_none_88d3d41d702dedea;C:\Users\qauser\.jdks\openjdk-20.0.2\bin\server

VM Arguments:
jvm_args: -ea -Didea.test.cyclic.buffer.size=1048576 -javaagent:C:\Program Files\JetBrains\IntelliJ IDEA Community Edition 2022.3.2\lib\idea_rt.jar=61453:C:\Program Files\JetBrains\IntelliJ IDEA Community Edition 2022.3.2\bin -Dfile.encoding=UTF-8 -Dsun.stdout.encoding=UTF-8 -Dsun.stderr.encoding=UTF-8 
java_command: com.intellij.rt.testng.RemoteTestNGStarter -usedefaultlisteners false -socket61452 @w@C:\Users\qauser\AppData\Local\Temp\3\idea_working_dirs_testng1.tmp -temp C:\Users\qauser\AppData\Local\Temp\3\idea_testng1.tmp
java_class_path (initial): C:\Program Files\JetBrains\IntelliJ IDEA Community Edition 2022.3.2\lib\idea_rt.jar;C:\Program Files\JetBrains\IntelliJ IDEA Community Edition 2022.3.2\plugins\testng\lib\testng-rt.jar;D:\ProfieldAutomation\ProfieldAutomation\target\test-classes;D:\ProfieldAutomation\ProfieldAutomation\target\classes;C:\Users\qauser\.m2\repository\org\seleniumhq\selenium\selenium-java\3.5.3\selenium-java-3.5.3.jar;C:\Users\qauser\.m2\repository\org\seleniumhq\selenium\selenium-api\3.5.3\selenium-api-3.5.3.jar;C:\Users\qauser\.m2\repository\org\seleniumhq\selenium\selenium-chrome-driver\3.5.3\selenium-chrome-driver-3.5.3.jar;C:\Users\qauser\.m2\repository\org\seleniumhq\selenium\selenium-edge-driver\3.5.3\selenium-edge-driver-3.5.3.jar;C:\Users\qauser\.m2\repository\org\seleniumhq\selenium\selenium-firefox-driver\3.5.3\selenium-firefox-driver-3.5.3.jar;C:\Users\qauser\.m2\repository\org\seleniumhq\selenium\selenium-ie-driver\3.5.3\selenium-ie-driver-3.5.3.jar;C:\Users\qauser\.m2\repository\org\seleniumhq\selenium\selenium-opera-driver\3.5.3\selenium-opera-driver-3.5.3.jar;C:\Users\qauser\.m2\repository\org\seleniumhq\selenium\selenium-remote-driver\3.5.3\selenium-remote-driver-3.5.3.jar;C:\Users\qauser\.m2\repository\org\seleniumhq\selenium\selenium-safari-driver\3.5.3\selenium-safari-driver-3.5.3.jar;C:\Users\qauser\.m2\repository\org\seleniumhq\selenium\selenium-support\3.5.3\selenium-support-3.5.3.jar;C:\Users\qauser\.m2\repository\cglib\cglib-nodep\3.2.4\cglib-nodep-3.2.4.jar;C:\Users\qauser\.m2\repository\org\apache\commons\commons-exec\1.3\commons-exec-1.3.jar;C:\Users\qauser\.m2\repository\org\apache\commons\commons-lang3\3.5\commons-lang3-3.5.jar;C:\Users\qauser\.m2\repository\commons-codec\commons-codec\1.10\commons-codec-1.10.jar;C:\Users\qauser\.m2\repository\commons-logging\commons-logging\1.2\commons-logging-1.2.jar;C:\Users\qauser\.m2\repository\org\w3c\css\sac\1.3\sac-1.3.jar;C:\Users\qauser\.m2\repository\net\sourceforge\cssparser\cssparser\0.9.23\cssparser-0.9.23.jar;C:\Users\qauser\.m2\repository\com\google\code\gson\gson\2.8.0\gson-2.8.0.jar;C:\Users\qauser\.m2\repository\com\google\guava\guava\23.0\guava-23.0.jar;C:\Users\qauser\.m2\repository\com\google\code\findbugs\jsr305\1.3.9\jsr305-1.3.9.jar;C:\Users\qauser\.m2\repository\com\google\errorprone\error_prone_annotations\2.0.18\error_prone_annotations-2.0.18.jar;C:\Users\qauser\.m2\repository\com\google\j2objc\j2objc-annotations\1.1\j2objc-annotations-1.1.jar;C:\Users\qauser\.m2\repository\org\codehaus\mojo\animal-sniffer-annotations\1.14\animal-sniffer-annotations-1.14.jar;C:\Users\qauser\.m2\repository\org\hamcrest\hamcrest-core\1.3\hamcrest-core-1.3.jar;C:\Users\qauser\.m2\repository\net\sourceforge\htmlunit\htmlunit\2.27\htmlunit-2.27.jar;C:\Users\qauser\.m2\repository\net\sourceforge\htmlunit\htmlunit-core-js\2.27\htmlunit-core-js-2.27.jar;C:\Users\qauser\.m2\repository\net\sourceforge\htmlunit\neko-htmlunit\2.27\neko-htmlunit-2.27.jar;C:\Users\qauser\.m2\repository\org\apache\httpcomponents\httpclient\4.5.3\httpclient-4.5.3.jar;C:\Users\qauser\.m2\repository\org\apache\httpcomponents\httpcore\4.4.6\httpcore-4.4.6.jar;C:\Users\qauser\.m2\repository\org\apache\httpcomponents\httpmime\4.5.3\httpmime-4.5.3.jar;C:\Users\qauser\.m2\repository\org\eclipse\jetty\jetty-client\9.4.5.v20170502\jetty-client-9.4.5.v20170502.jar;C:\Users\qauser\.m2\repository\org\eclipse\jetty\jetty-http\9.4.5.v20170502\jetty-http-9.4.5.v20170502.jar;C:\Users\qauser\.m2\repository\org\eclipse\jetty\jetty-io\9.4.5.v20170502\jetty-io-9.4.5.v20170502.jar;C:\Users\qauser\.m2\repository\org\eclipse\jetty\jetty-util\9.4.5.v20170502\jetty-util-9.4.5.v20170502.jar;C:\Users\qauser\.m2\repository\net\java\dev\jna\jna\4.1.0\jna-4.1.0.jar;C:\Users\qauser\.m2\repository\net\java\dev\jna\jna-platform\4.1.0\jna-platform-4.1.0.jar;C:\Users\qauser\.m2\repository\com\codeborne\phantomjsdriver\1.4.0\phantomjsdriver-1.4.0.jar;C:\Users\qauser\.m2\repository\org\seleniumhq\selenium\htmlunit-driver\2.27\htmlunit-driver-2.27.jar;C:\Users\qauser\.m2\repository\javax\servlet\javax.servlet-api\3.1.0\javax.servlet-api-3.1.0.jar;C:\Users\qauser\.m2\repository\org\eclipse\jetty\websocket\websocket-api\9.4.5.v20170502\websocket-api-9.4.5.v20170502.jar;C:\Users\qauser\.m2\repository\org\eclipse\jetty\websocket\websocket-client\9.4.5.v20170502\websocket-client-9.4.5.v20170502.jar;C:\Users\qauser\.m2\repository\org\eclipse\jetty\websocket\websocket-common\9.4.5.v20170502\websocket-common-9.4.5.v20170502.jar;C:\Users\qauser\.m2\repository\xalan\serializer\2.7.2\serializer-2.7.2.jar;C:\Users\qauser\.m2\repository\xalan\xalan\2.7.2\xalan-2.7.2.jar;C:\Users\qauser\.m2\repository\xerces\xercesImpl\2.11.0\xercesImpl-2.11.0.jar;C:\Users\qauser\.m2\repository\xml-apis\xml-apis\1.4.01\xml-apis-1.4.01.jar;C:\Users\qauser\.m2\repository\junit\junit\4.12\junit-4.12.jar;C:\Users\qauser\.m2\repository\org\testng\testng\7.7.1\testng-7.7.1.jar;C:\Users\qauser\.m2\repository\org\slf4j\slf4j-api\1.7.36\slf4j-api-1.7.36.jar;C:\Users\qauser\.m2\repository\com\beust\jcommander\1.82\jcommander-1.82.jar;C:\Users\qauser\.m2\repository\org\webjars\jquery\3.6.1\jquery-3.6.1.jar;C:\Users\qauser\.m2\repository\org\apache\poi\poi\4.1.2\poi-4.1.2.jar;C:\Users\qauser\.m2\repository\org\apache\commons\commons-collections4\4.4\commons-collections4-4.4.jar;C:\Users\qauser\.m2\repository\org\apache\commons\commons-math3\3.6.1\commons-math3-3.6.1.jar;C:\Users\qauser\.m2\repository\com\zaxxer\SparseBitSet\1.2\SparseBitSet-1.2.jar;C:\Users\qauser\.m2\repository\org\apache\poi\poi-ooxml\4.1.2\poi-ooxml-4.1.2.jar;C:\Users\qauser\.m2\repository\org\apache\poi\poi-ooxml-schemas\4.1.2\poi-ooxml-schemas-4.1.2.jar;C:\Users\qauser\.m2\repository\org\apache\xmlbeans\xmlbeans\3.1.0\xmlbeans-3.1.0.jar;C:\Users\qauser\.m2\repository\org\apache\commons\commons-compress\1.19\commons-compress-1.19.jar;C:\Users\qauser\.m2\repository\com\github\virtuald\curvesapi\1.06\curvesapi-1.06.jar;C:\Users\qauser\.m2\repository\com\relevantcodes\extentreports\2.40.2\extentreports-2.40.2.jar;C:\Users\qauser\.m2\repository\org\jsoup\jsoup\1.8.3\jsoup-1.8.3.jar;C:\Users\qauser\.m2\repository\org\xerial\sqlite-jdbc\3.8.11.1\sqlite-jdbc-3.8.11.1.jar;C:\Users\qauser\.m2\repository\org\freemarker\freemarker\2.3.23\freemarker-2.3.23.jar;C:\Users\qauser\.m2\repository\commons-io\commons-io\1.3.2\commons-io-1.3.2.jar;C:\Users\qauser\.m2\repository\org\apache\cassandra\cassandra-all\0.8.1\cassandra-all-0.8.1.jar;C:\Users\qauser\.m2\repository\commons-cli\commons-cli\1.1\commons-cli-1.1.jar;C:\Users\qauser\.m2\repository\commons-collections\commons-collections\3.2.1\commons-collections-3.2.1.jar;C:\Users\qauser\.m2\repository\commons-lang\commons-lang\2.4\commons-lang-2.4.jar;C:\Users\qauser\.m2\repository\com\googlecode\concurrentlinkedhashmap\concurrentlinkedhashmap-lru\1.1\concurrentlinkedhashmap-lru-1.1.jar;C:\Users\qauser\.m2\repository\org\antlr\antlr\3.2\antlr-3.2.jar;C:\Users\qauser\.m2\repository\org\antlr\antlr-runtime\3.2\antlr-runtime-3.2.jar;C:\Users\qauser\.m2\repository\org\antlr\stringtemplate\3.2\stringtemplate-3.2.jar;C:\Users\qauser\.m2\repository\antlr\antlr\2.7.7\antlr-2.7.7.jar;C:\Users\qauser\.m2\repository\org\apache\cassandra\deps\avro\1.4.0-cassandra-1\avro-1.4.0-cassandra-1.jar;C:\Users\qauser\.m2\repository\org\mortbay\jetty\jetty\6.1.22\jetty-6.1.22.jar;C:\Users\qauser\.m2\repository\org\mortbay\jetty\jetty-util\6.1.22\jetty-util-6.1.22.jar;C:\Users\qauser\.m2\repository\org\mortbay\jetty\servlet-api\2.5-20081211\servlet-api-2.5-20081211.jar;C:\Users\qauser\.m2\repository\org\codehaus\jackson\jackson-core-asl\1.4.0\jackson-core-asl-1.4.0.jar;C:\Users\qauser\.m2\repository\org\codehaus\jackson\jackson-mapper-asl\1.4.0\jackson-mapper-asl-1.4.0.jar;C:\Users\qauser\.m2\repository\jline\jline\0.9.94\jline-0.9.94.jar;C:\Users\qauser\.m2\repository\com\googlecode\json-simple\json-simple\1.1\json-simple-1.1.jar;C:\Users\qauser\.m2\repository\com\github\stephenc\high-scale-lib\high-scale-lib\1.1.2\high-scale-lib-1.1.2.jar;C:\Users\qauser\.m2\repository\org\yaml\snakeyaml\1.6\snakeyaml-1.6.jar;C:\Users\qauser\.m2\repository\org\apache\thrift\libthrift\0.6.1\libthrift-0.6.1.jar;C:\Users\qauser\.m2\repository\javax\servlet\servlet-api\2.5\servlet-api-2.5.jar;C:\Users\qauser\.m2\repository\org\apache\cassandra\cassandra-thrift\0.8.1\cassandra-thrift-0.8.1.jar;C:\Users\qauser\.m2\repository\com\github\stephenc\jamm\0.2.2\jamm-0.2.2.jar
Launcher Type: SUN_STANDARD

[Global flags]
     intx CICompilerCount                          = 3                                         {product} {ergonomic}
     uint ConcGCThreads                            = 1                                         {product} {ergonomic}
     uint G1ConcRefinementThreads                  = 4                                         {product} {ergonomic}
   size_t G1HeapRegionSize                         = 2097152                                   {product} {ergonomic}
    uintx GCDrainStackTargetSize                   = 64                                        {product} {ergonomic}
   size_t InitialHeapSize                          = 268435456                                 {product} {ergonomic}
   size_t MarkStackSize                            = 4194304                                   {product} {ergonomic}
   size_t MaxHeapSize                              = 4294967296                                {product} {ergonomic}
   size_t MinHeapDeltaBytes                        = 2097152                                   {product} {ergonomic}
   size_t MinHeapSize                              = 8388608                                   {product} {ergonomic}
    uintx NonNMethodCodeHeapSize                   = 5832780                                {pd product} {ergonomic}
    uintx NonProfiledCodeHeapSize                  = 122912730                              {pd product} {ergonomic}
    uintx ProfiledCodeHeapSize                     = 122912730                              {pd product} {ergonomic}
    uintx ReservedCodeCacheSize                    = 251658240                              {pd product} {ergonomic}
     bool SegmentedCodeCache                       = true                                      {product} {ergonomic}
   size_t SoftMaxHeapSize                          = 4294967296                             {manageable} {ergonomic}
     bool UseCompressedClassPointers               = true                           {product lp64_product} {ergonomic}
     bool UseCompressedOops                        = true                           {product lp64_product} {ergonomic}
     bool UseG1GC                                  = true                                      {product} {ergonomic}
     bool UseLargePagesIndividualAllocation        = false                                  {pd product} {ergonomic}

Logging:
Log output configuration:
 #0: stdout all=warning uptime,level,tags foldmultilines=false
 #1: stderr all=off uptime,level,tags foldmultilines=false

Environment Variables:
JAVA_HOME=C:\Program Files\Java\jdk-17
PATH=C:\Program Files (x86)\Common Files\Oracle\Java\javapath;C:\Program Files\Common Files\Oracle\Java\javapath;C:\Windows\system32;C:\Windows;C:\Windows\System32\Wbem;C:\Windows\System32\WindowsPowerShell\v1.0\;C:\Windows\System32\OpenSSH\;C:\Program Files\dotnet\;C:\Program Files (x86)\dotnet\;C:\Program Files (x86)\Microsoft SQL Server\150\DTS\Binn\;C:\Program Files\Azure Data Studio\bin;C:\Program Files\Microsoft\Web Platform Installer\;C:\Program Files\Java\jdk-19\bin;C:\Program Files\Java\jdk-17.0.5\bin;C:\Program Files\Git\cmd;C:\Program Files\Java\jdk-17\bin;C:\Users\qauser\AppData\Local\Microsoft\WindowsApps;C:\Users\qauser\AppData\Local\Programs\Microsoft VS Code\bin;C:\Users\qauser\Downloads\apache-maven-3.8.6-bin\apache-maven-3.8.6\bin;
USERNAME=qauser
OS=Windows_NT
PROCESSOR_IDENTIFIER=Intel64 Family 6 Model 106 Stepping 6, GenuineIntel
TMP=C:\Users\qauser\AppData\Local\Temp\3
TEMP=C:\Users\qauser\AppData\Local\Temp\3




---------------  S Y S T E M  ---------------

OS:
 Windows Server 2022 , 64 bit Build 20348 (10.0.20348.2031)
OS uptime: 20 days 7:08 hours
Hyper-V virtualization detected

CPU: total 4 (initial active 4) (2 cores per cpu, 2 threads per core) family 6 model 106 stepping 6 microcode 0xffffffff, cx8, cmov, fxsr, ht, mmx, 3dnowpref, sse, sse2, sse3, ssse3, sse4.1, sse4.2, popcnt, lzcnt, tsc, avx, avx2, aes, erms, clmul, bmi1, bmi2, rtm, adx, avx512f, avx512dq, avx512cd, avx512bw, avx512vl, sha, fma, vzeroupper, avx512_vpopcntdq, avx512_vpclmulqdq, avx512_vaes, avx512_vnni, clflush, clflushopt, clwb, avx512_vbmi2, avx512_vbmi, hv, rdtscp, rdpid, fsrm, gfni, avx512_bitalg, f16c, avx512_ifma

Memory: 4k page, system-wide physical 16382M (477M free)
TotalPageFile size 32568M (AvailPageFile size 59M)
current process WorkingSet (physical memory assigned to process): 11M, peak: 11M
current process commit charge ("private bytes"): 52M, peak: 308M

vm_info: OpenJDK 64-Bit Server VM (20.0.2+9-78) for windows-amd64 JRE (20.0.2+9-78), built on 2023-06-14T10:08:48Z by "mach5one" with MS VC++ 17.1 (VS2022)

END.
